<?xml version="1.0" encoding="UTF-8"?>
<testng-results ignored="0" total="1" passed="1" failed="0" skipped="0">
  <reporter-output>
  </reporter-output>
  <suite started-at="2022-08-27T23:57:56 IST" name="Default suite" finished-at="2022-08-27T23:58:06 IST" duration-ms="10683">
    <groups>
    </groups>
    <test started-at="2022-08-27T23:57:56 IST" name="Default test" finished-at="2022-08-27T23:58:06 IST" duration-ms="10683">
      <class name="com.actitime.testscript.ZoHoCrm">
        <test-method signature="loginCrm()[pri:0, instance:com.actitime.testscript.ZoHoCrm@49b0b76]" started-at="2022-08-27T23:57:56 IST" name="loginCrm" finished-at="2022-08-27T23:58:06 IST" duration-ms="10608" status="PASS">
          <reporter-output>
          </reporter-output>
        </test-method> <!-- loginCrm -->
      </class> <!-- com.actitime.testscript.ZoHoCrm -->
    </test> <!-- Default test -->
  </suite> <!-- Default suite -->
</testng-results>
